-------------------------------------------------------------------------------
Test set: com.epam.testing.SeasonAutomationTest
-------------------------------------------------------------------------------
Tests run: 12, Failures: 3, Errors: 0, Skipped: 9, Time elapsed: 485.765 sec <<< FAILURE!
oneCanAddComment(com.epam.testing.SeasonAutomationTest)  Time elapsed: 114.312 sec  <<< FAILURE!
org.openqa.selenium.TimeoutException: Timed out waiting for page load.
Command duration or timeout: 114.24 seconds
Build info: version: '2.48.2', revision: '41bccdd10cf2c0560f637404c2d96164b67d9d67', time: '2015-10-09 13:08:06'
System info: host: 'NataliaP', ip: '192.168.1.212', os.name: 'Windows 7', os.arch: 'amd64', os.version: '6.1', java.version: '1.8.0_60'
Driver info: org.openqa.selenium.firefox.FirefoxDriver
Capabilities [{applicationCacheEnabled=true, rotatable=false, handlesAlerts=true, databaseEnabled=true, version=43.0.2, platform=WINDOWS, nativeEvents=false, acceptSslCerts=true, webStorageEnabled=true, locationContextEnabled=true, browserName=firefox, takesScreenshot=true, javascriptEnabled=true, cssSelectorsEnabled=true}]
Session ID: 50c24cf0-4f38-46dc-a055-a796be45d063
	at sun.reflect.NativeConstructorAccessorImpl.newInstance0(Native Method)
	at sun.reflect.NativeConstructorAccessorImpl.newInstance(NativeConstructorAccessorImpl.java:62)
	at sun.reflect.DelegatingConstructorAccessorImpl.newInstance(DelegatingConstructorAccessorImpl.java:45)
	at java.lang.reflect.Constructor.newInstance(Constructor.java:422)
	at org.openqa.selenium.remote.ErrorHandler.createThrowable(ErrorHandler.java:206)
	at org.openqa.selenium.remote.ErrorHandler.throwIfResponseFailed(ErrorHandler.java:158)
	at org.openqa.selenium.remote.RemoteWebDriver.execute(RemoteWebDriver.java:647)
	at org.openqa.selenium.remote.RemoteWebDriver.get(RemoteWebDriver.java:311)
	at org.openqa.selenium.remote.RemoteWebDriver$RemoteNavigation.to(RemoteWebDriver.java:927)
	at com.epam.testing.pages.LoginPage.openPage(LoginPage.java:35)
	at com.epam.testing.steps.Steps.loginSeason(Steps.java:33)
	at com.epam.testing.SeasonAutomationTest.oneCanAddComment(SeasonAutomationTest.java:58)
Caused by: org.openqa.selenium.TimeoutException: Timed out waiting for page load.
Build info: version: '2.48.2', revision: '41bccdd10cf2c0560f637404c2d96164b67d9d67', time: '2015-10-09 13:08:06'
System info: host: 'NataliaP', ip: '192.168.1.212', os.name: 'Windows 7', os.arch: 'amd64', os.version: '6.1', java.version: '1.8.0_60'
Driver info: driver.version: unknown
	at <anonymous class>.Utils.initWebLoadingListener/<(file:///C:/Windows/TEMP/anonymous2943834873968423657webdriver-profile/extensions/fxdriver@googlecode.com/components/driver-component.js:9010)
	at <anonymous class>.WebLoadingListener/e(file:///C:/Windows/TEMP/anonymous2943834873968423657webdriver-profile/extensions/fxdriver@googlecode.com/components/driver-component.js:5114)
	at <anonymous class>.WebLoadingListener/<(file:///C:/Windows/TEMP/anonymous2943834873968423657webdriver-profile/extensions/fxdriver@googlecode.com/components/driver-component.js:5122)
	at <anonymous class>.fxdriver.Timer.prototype.setTimeout/<.notify(file:///C:/Windows/TEMP/anonymous2943834873968423657webdriver-profile/extensions/fxdriver@googlecode.com/components/driver-component.js:621)

oneCanDeleteMark(com.epam.testing.SeasonAutomationTest)  Time elapsed: 113.857 sec  <<< FAILURE!
org.openqa.selenium.TimeoutException: Timed out waiting for page load.
Command duration or timeout: 113.85 seconds
Build info: version: '2.48.2', revision: '41bccdd10cf2c0560f637404c2d96164b67d9d67', time: '2015-10-09 13:08:06'
System info: host: 'NataliaP', ip: '192.168.1.212', os.name: 'Windows 7', os.arch: 'amd64', os.version: '6.1', java.version: '1.8.0_60'
Driver info: org.openqa.selenium.firefox.FirefoxDriver
Capabilities [{applicationCacheEnabled=true, rotatable=false, handlesAlerts=true, databaseEnabled=true, version=43.0.2, platform=WINDOWS, nativeEvents=false, acceptSslCerts=true, webStorageEnabled=true, locationContextEnabled=true, browserName=firefox, takesScreenshot=true, javascriptEnabled=true, cssSelectorsEnabled=true}]
Session ID: be8669b7-339c-456f-b487-5b1cdea88ce6
	at sun.reflect.NativeConstructorAccessorImpl.newInstance0(Native Method)
	at sun.reflect.NativeConstructorAccessorImpl.newInstance(NativeConstructorAccessorImpl.java:62)
	at sun.reflect.DelegatingConstructorAccessorImpl.newInstance(DelegatingConstructorAccessorImpl.java:45)
	at java.lang.reflect.Constructor.newInstance(Constructor.java:422)
	at org.openqa.selenium.remote.ErrorHandler.createThrowable(ErrorHandler.java:206)
	at org.openqa.selenium.remote.ErrorHandler.throwIfResponseFailed(ErrorHandler.java:158)
	at org.openqa.selenium.remote.RemoteWebDriver.execute(RemoteWebDriver.java:647)
	at org.openqa.selenium.remote.RemoteWebDriver.get(RemoteWebDriver.java:311)
	at org.openqa.selenium.remote.RemoteWebDriver$RemoteNavigation.to(RemoteWebDriver.java:927)
	at com.epam.testing.pages.LoginPage.openPage(LoginPage.java:35)
	at com.epam.testing.steps.Steps.loginSeason(Steps.java:33)
	at com.epam.testing.SeasonAutomationTest.oneCanDeleteMark(SeasonAutomationTest.java:50)
Caused by: org.openqa.selenium.TimeoutException: Timed out waiting for page load.
Build info: version: '2.48.2', revision: '41bccdd10cf2c0560f637404c2d96164b67d9d67', time: '2015-10-09 13:08:06'
System info: host: 'NataliaP', ip: '192.168.1.212', os.name: 'Windows 7', os.arch: 'amd64', os.version: '6.1', java.version: '1.8.0_60'
Driver info: driver.version: unknown
	at <anonymous class>.Utils.initWebLoadingListener/<(file:///C:/Windows/TEMP/anonymous6569293632096970694webdriver-profile/extensions/fxdriver@googlecode.com/components/driver-component.js:9010)
	at <anonymous class>.WebLoadingListener/e(file:///C:/Windows/TEMP/anonymous6569293632096970694webdriver-profile/extensions/fxdriver@googlecode.com/components/driver-component.js:5114)
	at <anonymous class>.WebLoadingListener/<(file:///C:/Windows/TEMP/anonymous6569293632096970694webdriver-profile/extensions/fxdriver@googlecode.com/components/driver-component.js:5122)
	at <anonymous class>.fxdriver.Timer.prototype.setTimeout/<.notify(file:///C:/Windows/TEMP/anonymous6569293632096970694webdriver-profile/extensions/fxdriver@googlecode.com/components/driver-component.js:621)

stopBrowser(com.epam.testing.SeasonAutomationTest)  Time elapsed: 236.807 sec  <<< FAILURE!
org.openqa.selenium.remote.UnreachableBrowserException: Error communicating with the remote browser. It may have died.
Build info: version: '2.48.2', revision: '41bccdd10cf2c0560f637404c2d96164b67d9d67', time: '2015-10-09 13:08:06'
System info: host: 'NataliaP', ip: '192.168.1.212', os.name: 'Windows 7', os.arch: 'amd64', os.version: '6.1', java.version: '1.8.0_60'
Driver info: driver.version: RemoteWebDriver
	at org.openqa.selenium.remote.RemoteWebDriver.execute(RemoteWebDriver.java:641)
	at org.openqa.selenium.remote.RemoteWebDriver.execute(RemoteWebDriver.java:670)
	at org.openqa.selenium.remote.RemoteWebDriver.close(RemoteWebDriver.java:511)
	at com.epam.testing.steps.Steps.closeDriver(Steps.java:26)
	at com.epam.testing.SeasonAutomationTest.stopBrowser(SeasonAutomationTest.java:66)
Caused by: org.apache.http.ConnectionClosedException: Premature end of Content-Length delimited message body (expected: 89; received: 0
	at org.apache.http.impl.io.ContentLengthInputStream.read(ContentLengthInputStream.java:180)
	at org.apache.http.impl.io.ContentLengthInputStream.read(ContentLengthInputStream.java:200)
	at org.apache.http.impl.io.ContentLengthInputStream.close(ContentLengthInputStream.java:103)
	at org.apache.http.impl.execchain.ResponseEntityProxy.streamClosed(ResponseEntityProxy.java:140)
	at org.apache.http.conn.EofSensorInputStream.checkClose(EofSensorInputStream.java:228)
	at org.apache.http.conn.EofSensorInputStream.close(EofSensorInputStream.java:174)
	at org.apache.http.util.EntityUtils.consume(EntityUtils.java:88)
	at org.openqa.selenium.remote.internal.ApacheHttpClient.createResponse(ApacheHttpClient.java:112)
	at org.openqa.selenium.remote.internal.ApacheHttpClient.execute(ApacheHttpClient.java:93)
	at org.openqa.selenium.remote.HttpCommandExecutor.execute(HttpCommandExecutor.java:142)
	at org.openqa.selenium.firefox.internal.NewProfileExtensionConnection.execute(NewProfileExtensionConnection.java:170)
	at org.openqa.selenium.firefox.FirefoxDriver$LazyCommandExecutor.execute(FirefoxDriver.java:380)
	at org.openqa.selenium.remote.RemoteWebDriver.execute(RemoteWebDriver.java:620)
	... 39 more

