<?xml version="1.0" encoding="UTF-8" ?>
<testsuite tests="5" failures="1" name="com.epam.testing.SeasonAutomationTest" time="88.407" errors="0" skipped="0">
  <properties>
[...]
</properties>
  <testcase classname="com.epam.testing.SeasonAutomationTest" name="oneCanAddComment" time="10.887"/>
  <testcase classname="com.epam.testing.SeasonAutomationTest" name="oneCanDeleteMark" time="31.703"/>
  <testcase classname="com.epam.testing.SeasonAutomationTest" name="oneCanLoginSeason" time="9.443"/>
  <testcase classname="com.epam.testing.SeasonAutomationTest" name="oneCanMarkOfSeries" time="22.033"/>
  <testcase classname="com.epam.testing.SeasonAutomationTest" name="oneCanSearch" time="14.341">
    <failure message="expected [true] but found [false]" type="java.lang.AssertionError">java.lang.AssertionError: expected [true] but found [false]
	at org.testng.Assert.fail(Assert.java:94)
	at org.testng.Assert.failNotEquals(Assert.java:494)
	at org.testng.Assert.assertTrue(Assert.java:42)
	at org.testng.Assert.assertTrue(Assert.java:52)
	at com.epam.testing.SeasonAutomationTest.oneCanSearch(SeasonAutomationTest.java:35)
</failure>
  </testcase>
</testsuite>