<?xml version="1.0" encoding="UTF-8"?>
<!-- Generated by org.testng.reporters.JUnitXMLReporter -->
<testsuite hostname="NataliaP" name="Command line test" tests="5" failures="1" timestamp="26 Dec 2015 23:13:56 GMT" time="131.408" errors="0">
  <testcase name="oneCanAddComment" time="10.886" classname="com.epam.testing.SeasonAutomationTest"/>
  <testcase name="oneCanDeleteMark" time="31.704" classname="com.epam.testing.SeasonAutomationTest"/>
  <testcase name="oneCanLoginSeason" time="9.445" classname="com.epam.testing.SeasonAutomationTest"/>
  <testcase name="oneCanMarkOfSeries" time="22.031" classname="com.epam.testing.SeasonAutomationTest"/>
  <testcase name="oneCanSearch" time="14.34" classname="com.epam.testing.SeasonAutomationTest">
    <failure type="java.lang.AssertionError" message="expected [true] but found [false]">
      <![CDATA[java.lang.AssertionError: expected [true] but found [false]
	at com.epam.testing.SeasonAutomationTest.oneCanSearch(SeasonAutomationTest.java:35)
... Removed 37 stack frames]]>
    </failure>
  </testcase> <!-- oneCanSearch -->
</testsuite> <!-- Command line test -->
