-------------------------------------------------------------------------------
Test set: com.epam.testing.SeasonAutomationTest
-------------------------------------------------------------------------------
Tests run: 5, Failures: 2, Errors: 0, Skipped: 0, Time elapsed: 272.189 sec <<< FAILURE!
oneCanDeleteMark(com.epam.testing.SeasonAutomationTest)  Time elapsed: 46.071 sec  <<< FAILURE!
org.openqa.selenium.TimeoutException: Timed out waiting for page load.
Command duration or timeout: 20.04 seconds
Build info: version: '2.48.2', revision: '41bccdd10cf2c0560f637404c2d96164b67d9d67', time: '2015-10-09 13:08:06'
System info: host: 'NataliaP', ip: '192.168.43.51', os.name: 'Windows 7', os.arch: 'amd64', os.version: '6.1', java.version: '1.8.0_60'
Driver info: org.openqa.selenium.firefox.FirefoxDriver
Capabilities [{applicationCacheEnabled=true, rotatable=false, handlesAlerts=true, databaseEnabled=true, version=43.0.2, platform=WINDOWS, nativeEvents=false, acceptSslCerts=true, webStorageEnabled=true, locationContextEnabled=true, browserName=firefox, takesScreenshot=true, javascriptEnabled=true, cssSelectorsEnabled=true}]
Session ID: 2fbe1fd6-e431-41f5-aa67-c4e50d6240fa
	at sun.reflect.NativeConstructorAccessorImpl.newInstance0(Native Method)
	at sun.reflect.NativeConstructorAccessorImpl.newInstance(NativeConstructorAccessorImpl.java:62)
	at sun.reflect.DelegatingConstructorAccessorImpl.newInstance(DelegatingConstructorAccessorImpl.java:45)
	at java.lang.reflect.Constructor.newInstance(Constructor.java:422)
	at org.openqa.selenium.remote.ErrorHandler.createThrowable(ErrorHandler.java:206)
	at org.openqa.selenium.remote.ErrorHandler.throwIfResponseFailed(ErrorHandler.java:158)
	at org.openqa.selenium.remote.RemoteWebDriver.execute(RemoteWebDriver.java:647)
	at org.openqa.selenium.remote.RemoteWebDriver.get(RemoteWebDriver.java:311)
	at org.openqa.selenium.remote.RemoteWebDriver$RemoteNavigation.to(RemoteWebDriver.java:927)
	at com.epam.testing.pages.PausePage.openPage(PausePage.java:34)
	at com.epam.testing.steps.Steps.deleteMark(Steps.java:77)
	at com.epam.testing.SeasonAutomationTest.oneCanDeleteMark(SeasonAutomationTest.java:51)
Caused by: org.openqa.selenium.TimeoutException: Timed out waiting for page load.
Build info: version: '2.48.2', revision: '41bccdd10cf2c0560f637404c2d96164b67d9d67', time: '2015-10-09 13:08:06'
System info: host: 'NataliaP', ip: '192.168.43.51', os.name: 'Windows 7', os.arch: 'amd64', os.version: '6.1', java.version: '1.8.0_60'
Driver info: driver.version: unknown
	at <anonymous class>.Utils.initWebLoadingListener/<(file:///C:/Users/836D~1/AppData/Local/Temp/anonymous3039291068507903071webdriver-profile/extensions/fxdriver@googlecode.com/components/driver-component.js:9010)
	at <anonymous class>.WebLoadingListener/e(file:///C:/Users/836D~1/AppData/Local/Temp/anonymous3039291068507903071webdriver-profile/extensions/fxdriver@googlecode.com/components/driver-component.js:5114)
	at <anonymous class>.WebLoadingListener/<(file:///C:/Users/836D~1/AppData/Local/Temp/anonymous3039291068507903071webdriver-profile/extensions/fxdriver@googlecode.com/components/driver-component.js:5122)
	at <anonymous class>.fxdriver.Timer.prototype.setTimeout/<.notify(file:///C:/Users/836D~1/AppData/Local/Temp/anonymous3039291068507903071webdriver-profile/extensions/fxdriver@googlecode.com/components/driver-component.js:621)

oneCanLoginSeason(com.epam.testing.SeasonAutomationTest)  Time elapsed: 26.989 sec  <<< FAILURE!
org.openqa.selenium.TimeoutException: Timed out waiting for page load.
Command duration or timeout: 20.04 seconds
Build info: version: '2.48.2', revision: '41bccdd10cf2c0560f637404c2d96164b67d9d67', time: '2015-10-09 13:08:06'
System info: host: 'NataliaP', ip: '192.168.43.51', os.name: 'Windows 7', os.arch: 'amd64', os.version: '6.1', java.version: '1.8.0_60'
Driver info: org.openqa.selenium.firefox.FirefoxDriver
Capabilities [{applicationCacheEnabled=true, rotatable=false, handlesAlerts=true, databaseEnabled=true, version=43.0.2, platform=WINDOWS, nativeEvents=false, acceptSslCerts=true, webStorageEnabled=true, locationContextEnabled=true, browserName=firefox, takesScreenshot=true, javascriptEnabled=true, cssSelectorsEnabled=true}]
Session ID: 0fcc41cb-9a79-4899-affe-6141a40afb70
	at sun.reflect.NativeConstructorAccessorImpl.newInstance0(Native Method)
	at sun.reflect.NativeConstructorAccessorImpl.newInstance(NativeConstructorAccessorImpl.java:62)
	at sun.reflect.DelegatingConstructorAccessorImpl.newInstance(DelegatingConstructorAccessorImpl.java:45)
	at java.lang.reflect.Constructor.newInstance(Constructor.java:422)
	at org.openqa.selenium.remote.ErrorHandler.createThrowable(ErrorHandler.java:206)
	at org.openqa.selenium.remote.ErrorHandler.throwIfResponseFailed(ErrorHandler.java:158)
	at org.openqa.selenium.remote.RemoteWebDriver.execute(RemoteWebDriver.java:647)
	at org.openqa.selenium.remote.RemoteWebElement.execute(RemoteWebElement.java:326)
	at org.openqa.selenium.remote.RemoteWebElement.click(RemoteWebElement.java:84)
	at sun.reflect.NativeMethodAccessorImpl.invoke0(Native Method)
	at sun.reflect.NativeMethodAccessorImpl.invoke(NativeMethodAccessorImpl.java:62)
	at sun.reflect.DelegatingMethodAccessorImpl.invoke(DelegatingMethodAccessorImpl.java:43)
	at java.lang.reflect.Method.invoke(Method.java:497)
	at org.openqa.selenium.support.pagefactory.internal.LocatingElementHandler.invoke(LocatingElementHandler.java:51)
	at com.sun.proxy.$Proxy5.click(Unknown Source)
	at com.epam.testing.pages.LoginPage.login(LoginPage.java:43)
	at com.epam.testing.steps.Steps.loginSeason(Steps.java:36)
	at com.epam.testing.SeasonAutomationTest.oneCanLoginSeason(SeasonAutomationTest.java:27)
Caused by: org.openqa.selenium.TimeoutException: Timed out waiting for page load.
Build info: version: '2.48.2', revision: '41bccdd10cf2c0560f637404c2d96164b67d9d67', time: '2015-10-09 13:08:06'
System info: host: 'NataliaP', ip: '192.168.43.51', os.name: 'Windows 7', os.arch: 'amd64', os.version: '6.1', java.version: '1.8.0_60'
Driver info: driver.version: unknown
	at <anonymous class>.Utils.installClickListener/e<(file:///C:/Users/836D~1/AppData/Local/Temp/anonymous2794656083068280398webdriver-profile/extensions/fxdriver@googlecode.com/components/command-processor.js:9269)
	at <anonymous class>.WebLoadingListener/e(file:///C:/Users/836D~1/AppData/Local/Temp/anonymous2794656083068280398webdriver-profile/extensions/fxdriver@googlecode.com/components/command-processor.js:5114)
	at <anonymous class>.WebLoadingListener/<(file:///C:/Users/836D~1/AppData/Local/Temp/anonymous2794656083068280398webdriver-profile/extensions/fxdriver@googlecode.com/components/command-processor.js:5122)
	at <anonymous class>.fxdriver.Timer.prototype.setTimeout/<.notify(file:///C:/Users/836D~1/AppData/Local/Temp/anonymous2794656083068280398webdriver-profile/extensions/fxdriver@googlecode.com/components/command-processor.js:621)

